TN:
SF:src/agents/useSalesbot.ts
FN:45,isCppIntent
FN:47,(anonymous_1)
FN:50,isRejectedLanguage
FN:52,(anonymous_3)
FN:55,useSalesbot
FN:60,(anonymous_5)
FN:62,(anonymous_6)
FN:65,(anonymous_7)
FN:81,(anonymous_8)
FNF:9
FNH:1
FNDA:0,isCppIntent
FNDA:0,(anonymous_1)
FNDA:0,isRejectedLanguage
FNDA:0,(anonymous_3)
FNDA:2,useSalesbot
FNDA:0,(anonymous_5)
FNDA:0,(anonymous_6)
FNDA:0,(anonymous_7)
FNDA:0,(anonymous_8)
DA:15,1
DA:26,1
DA:39,1
DA:46,0
DA:47,0
DA:51,0
DA:52,0
DA:56,2
DA:57,2
DA:58,2
DA:60,2
DA:61,0
DA:62,0
DA:63,0
DA:65,0
DA:69,0
DA:70,0
DA:72,0
DA:73,0
DA:75,0
DA:77,0
DA:81,0
DA:82,0
DA:85,2
LF:24
LH:8
BRDA:69,0,0,0
BRDA:69,0,1,0
BRDA:72,1,0,0
BRDA:72,1,1,0
BRF:4
BRH:0
end_of_record
TN:
SF:src/chat/LandingPage.module.css
FNF:0
FNH:0
LF:0
LH:0
BRF:0
BRH:0
end_of_record
TN:
SF:src/chat/LandingPage.tsx
FN:6,LandingPage
FN:21,(anonymous_1)
FNF:2
FNH:1
FNDA:3,LandingPage
FNDA:0,(anonymous_1)
DA:7,3
DA:9,3
DA:21,0
LF:3
LH:2
BRF:0
BRH:0
end_of_record
TN:
SF:src/chat/SalesbotChat.module.css
FNF:0
FNH:0
LF:0
LH:0
BRF:0
BRH:0
end_of_record
TN:
SF:src/chat/SalesbotChat.tsx
FN:7,SalesbotChat
FN:13,(anonymous_1)
FN:21,(anonymous_2)
FN:36,(anonymous_3)
FN:52,(anonymous_4)
FN:74,(anonymous_5)
FNF:6
FNH:2
FNDA:2,SalesbotChat
FNDA:0,(anonymous_1)
FNDA:0,(anonymous_2)
FNDA:2,(anonymous_3)
FNDA:0,(anonymous_4)
FNDA:0,(anonymous_5)
DA:8,2
DA:9,2
DA:10,2
DA:11,2
DA:13,2
DA:14,0
DA:15,0
DA:16,0
DA:17,0
DA:18,0
DA:21,2
DA:22,0
DA:25,2
DA:37,2
DA:52,0
DA:74,0
LF:16
LH:8
BRDA:15,0,0,0
BRDA:15,0,1,0
BRDA:15,1,0,0
BRDA:15,1,1,0
BRDA:22,2,0,0
BRDA:22,2,1,0
BRDA:39,3,0,2
BRDA:39,3,1,0
BRDA:56,4,0,2
BRDA:56,4,1,2
BRDA:61,5,0,2
BRDA:61,5,1,2
BRDA:61,5,2,0
BRDA:64,6,0,0
BRDA:64,6,1,2
BRDA:69,7,0,2
BRDA:69,7,1,0
BRF:17
BRH:7
end_of_record
